Dec 29 03:08 : errno: Failed to open /home/sativa/.mpd/mpdstate: No such file or directory
Dec 29 03:08 : update: added /Chief Keef - Flattered (DatPiff Exclusive).mp3
Dec 29 03:08 : update: added /Madvillain - Money Folder.mp3
Dec 29 03:08 : update: added /Father - Morena (feat. Stalin Majesty & Abra).mp3
Dec 29 03:08 : update: added /Madvillain - Supervillain Theme [Instrumental].mp3
Dec 29 03:08 : update: added /Father - Slow Dance (Interlude) [Interlude].mp3
Dec 29 03:08 : update: added /Madvillain - Hardcore Hustle.mp3
Dec 29 03:08 : update: added /Madvillain - Shadows of Tomorrow.mp3
Dec 29 03:08 : update: added /Freddie Gibbs - Narcos.mp3
Dec 29 03:08 : update: added /Freddie Gibbs - Freddie Gordy.mp3
Dec 29 03:08 : update: added /Madvillain - Bistro.mp3
Dec 29 03:08 : update: added /Freddie Gibbs - Mexico (feat. Tory Lanez).mp3
Dec 29 03:08 : update: added /Father - Highway 101.mp3
Dec 29 03:08 : update: added /Madvillain - Strange Ways.mp3
Dec 29 03:08 : update: added /Freddie Gibbs - McDuck (feat. Dana Williams).mp3
Dec 29 03:08 : update: added /Madvillain - Figaro.mp3
Dec 29 03:08 : update: added /Freddie Gibbs - Lately.mp3
Dec 29 03:08 : update: added /Freddie Gibbs - 10 Times (feat. Gucci Mane and E-40).mp3
Dec 29 03:08 : update: added /Father - Gurl (feat. Abra).mp3
Dec 29 03:08 : update: added /Chief Keef - Stuntin Like My Mama (DatPiff Exclusive).mp3
Dec 29 03:08 : update: added /Freddie Gibbs - Fuckin' Up The Count.mp3
Dec 29 03:08 : update: added /Freddie Gibbs - Extradite (feat. Black Thought).mp3
Dec 29 03:08 : update: added /Freddie Gibbs - Insecurities.mp3
Dec 29 03:08 : update: added /Chief Keef - Black Ops (DatPiff Exclusive).mp3
Dec 29 03:08 : update: added /Madvillain - Raid.mp3
Dec 29 03:08 : update: added /Chief Keef - Foes (DatPiff Exclusive).mp3
Dec 29 03:08 : update: added /Father - BET Uncut (feat. Richposlim).mp3
Dec 29 03:08 : update: added /Chief Keef - Jumanji (DatPiff Exclusive).mp3
Dec 29 03:08 : update: added /Madvillain - The Illest Villains.mp3
Dec 29 03:08 : update: added /Chief Keef - Law & Order (DatPiff Exclusive).mp3
Dec 29 03:08 : update: added /Madvillain - Accordion.mp3
Dec 29 03:08 : update: added /Chief Keef - Who Dat (DatPiff Exclusive).mp3
Dec 29 03:08 : update: added /Madvillain - Rhinestone Cowboy.mp3
Dec 29 03:08 : update: added /Chief Keef - Dismiss (DatPiff Exclusive).mp3
Dec 29 03:08 : update: added /Madvillain - Operation Lifesaver AKA Mint Test.mp3
Dec 29 03:08 : update: added /Freddie Gibbs - Cold Ass Nigga.mp3
Dec 29 03:08 : update: added /Madvillain - Fancy Clown.mp3
Dec 29 03:08 : update: added /Chief Keef - In Your Face (DatPiff Exclusive).mp3
Dec 29 03:08 : update: added /Father - Read Her Lips (feat. Ethereal).mp3
Dec 29 03:08 : update: added /Father - Suicide Party (feat. Slug Christ & KeithCharles Spacebar).mp3
Dec 29 03:08 : update: added /Chief Keef - Im Da Man (DatPiff Exclusive).mp3
Dec 29 03:08 : update: added /Father - Spoil You Rotten.mp3
Dec 29 03:08 : update: added /Chief Keef - Flex (DatPiff Exclusive).mp3
Dec 29 03:08 : update: added /Madvillain - All Caps.mp3
Dec 29 03:08 : update: added /Chief Keef - Chicago Zoo (DatPiff Exclusive).mp3
Dec 29 03:08 : update: added /Freddie Gibbs - Packages (feat. Manman Savage).mp3
Dec 29 03:08 : update: added /Chief Keef - Where Ya At (DatPiff Exclusive).mp3
Dec 29 03:08 : update: added /Madvillain - Great Day Today.mp3
Dec 29 03:08 : update: added /Madvillain - Rainbows.mp3
Dec 29 03:08 : update: added /Freddie Gibbs - Forever And A Day.mp3
Dec 29 03:08 : update: added /Chief Keef - Gettin Wild (DatPiff Exclusive).mp3
Dec 29 03:08 : update: added /Freddie Gibbs - Rear View.mp3
Dec 29 03:08 : update: added /Chief Keef - X (DatPiff Exclusive).mp3
Dec 29 03:08 : update: added /Madvillain - Curls.mp3
Dec 29 03:08 : update: added /Father - Who's Gonna Get F_____ First_.mp3
Dec 29 03:08 : update: added /Madvillain - Do Not Fire! [Instrumental].mp3
Dec 29 03:08 : update: added /Madvillain - Meat Grinder.mp3
Dec 29 03:08 : update: added /Madvillain - America's Most Blunted.mp3
Dec 29 03:08 : update: added /Chief Keef - Early Morning Getting It (DatPiff Exclusive).mp3
Dec 29 03:08 : update: added /Chief Keef - Get Your Mind Right (DatPiff Exclusive).mp3
Dec 29 03:08 : update: added /Madvillain - Eye.mp3
Dec 29 03:08 : update: added /Freddie Gibbs - Careless.mp3
Dec 29 03:08 : update: added /Freddie Gibbs - Basketball Wives.mp3
Dec 29 03:08 : update: added /Chief Keef - Obama (DatPiff Exclusive).mp3
Dec 29 03:08 : update: added /Father - Everybody in the Club Gettin Shot.mp3
Dec 29 03:08 : update: added /Father - Back in the _a_ Freestyle_on Me.mp3
Dec 29 03:08 : update: added /Father - Vamp (feat. Tommy Genesis).mp3
Dec 29 03:08 : update: added /Madvillain - Sickfit [Instrumental].mp3
Dec 29 03:13 : client: [0] opened from 127.0.0.1:52174
Dec 29 03:15 : player: played "Chief Keef - Stuntin Like My Mama (DatPiff Exclusive).mp3"
Dec 29 03:17 : player: played "Father - BET Uncut (feat. Richposlim).mp3"
Dec 29 03:19 : player: played "Chief Keef - Im Da Man (DatPiff Exclusive).mp3"
Dec 29 03:19 : client: [1] opened from 127.0.0.1:53568
Dec 29 03:20 : client: [2] opened from 127.0.0.1:53586
Dec 29 03:24 : player: played "Freddie Gibbs - 10 Times (feat. Gucci Mane and E-40).mp3"
Dec 29 03:25 : player: played "Freddie Gibbs - Lately.mp3"
Dec 29 03:25 : client: [0] opened from 127.0.0.1:53714
Dec 29 03:25 : client: [1] opened from 127.0.0.1:53715
Dec 29 03:25 : client: [2] opened from 127.0.0.1:53718
Dec 29 03:26 : client: [3] opened from 127.0.0.1:53724
Dec 29 03:27 : player: played "Freddie Gibbs - Lately.mp3"
Dec 29 03:29 : client: [0] opened from 127.0.0.1:54946
Dec 29 03:29 : client: [1] opened from 127.0.0.1:54948
Dec 29 03:29 : client: [2] opened from 127.0.0.1:54950
Dec 29 03:29 : client: [3] opened from 127.0.0.1:54952
Dec 29 03:29 : client: [4] opened from 127.0.0.1:54954
Dec 29 03:29 : player: played "Freddie Gibbs - Lately.mp3"
Dec 29 03:30 : client: [3] closed
Dec 29 03:30 : client: [0] closed
Dec 29 03:30 : client: [2] closed
Dec 29 03:30 : client: [1] closed
Dec 29 03:30 : client: [5] opened from 127.0.0.1:54970
Dec 29 03:33 : player: played "Father - Back in the _a_ Freestyle_on Me.mp3"
Dec 29 03:33 : player: played "Freddie Gibbs - Cold Ass Nigga.mp3"
Dec 29 03:33 : player: played "Chief Keef - Im Da Man (DatPiff Exclusive).mp3"
Dec 29 03:35 : client: [5] closed
Dec 29 03:35 : client: [4] closed
Dec 29 03:35 : player: played "Madvillain - All Caps.mp3"
Dec 29 03:35 : player: played "Madvillain - All Caps.mp3"
Dec 29 03:40 : player: played "Madvillain - All Caps.mp3"
Dec 29 03:44 : client: [0] opened from 127.0.0.1:55574
Dec 29 03:44 : player: played "Chief Keef - X (DatPiff Exclusive).mp3"
Dec 29 03:44 : output: Failed to open audio output
Dec 29 03:44 : player: played "Chief Keef - Flattered (DatPiff Exclusive).mp3"
Dec 29 03:47 : player: played "Chief Keef - Law & Order (DatPiff Exclusive).mp3"
Dec 29 03:48 : player: played "Chief Keef - Who Dat (DatPiff Exclusive).mp3"
Dec 29 03:48 : client: [0] opened from 127.0.0.1:55760
Dec 29 03:48 : client: [0] closed
Dec 29 03:49 : client: [1] opened from 127.0.0.1:55770
Dec 29 03:49 : player: played "Chief Keef - Who Dat (DatPiff Exclusive).mp3"
Dec 29 03:49 : player: played "Chief Keef - Gettin Wild (DatPiff Exclusive).mp3"
Dec 29 03:50 : client: [0] opened from 127.0.0.1:55778
Dec 29 03:51 : player: played "Chief Keef - Who Dat (DatPiff Exclusive).mp3"
Dec 29 03:51 : player: played "Freddie Gibbs - Mexico (feat. Tory Lanez).mp3"
Dec 29 03:51 : player: played "Freddie Gibbs - 10 Times (feat. Gucci Mane and E-40).mp3"
Dec 29 03:51 : player: played "Freddie Gibbs - Basketball Wives.mp3"
Dec 29 03:51 : player: played "Freddie Gibbs - Insecurities.mp3"
Dec 29 03:54 : player: played "Father - BET Uncut (feat. Richposlim).mp3"
Dec 29 03:59 : client: [0] opened from 127.0.0.1:56198
Dec 29 04:04 : client: [0] opened from 127.0.0.1:56622
Dec 29 04:04 : update: added /Tyler, The Creator - AssMilk Featuring Earl_1.mp3
Dec 29 04:04 : update: added /SBTRKT - Told You (Bonus Track).mp3
Dec 29 04:04 : update: added /SBTRKT - Tamagochi (Bonus Track).mp3
Dec 29 04:04 : update: added /SBTRKT - War Drums (feat. Warpaint).mp3
Dec 29 04:04 : update: added /Future - I Serve the Base.mp3
Dec 29 04:04 : update: added /Tyler, The Creator - Bastard.mp3
Dec 29 04:04 : client: [0] closed
Dec 29 04:04 : update: added /BONES - ConnectionLost.mp3
Dec 29 04:04 : update: added /SBTRKT - Day 5.mp3
Dec 29 04:04 : update: added /Tyler, The Creator - Blow.mp3
Dec 29 04:04 : update: added /Skizzy Mars - Sometimes.mp3
Dec 29 04:04 : update: added /BONES - LayMeInTheRiver.mp3
Dec 29 04:04 : update: added /BONES - 1968.mp3
Dec 29 04:04 : update: added /Blackbear - Idfc.mp3
Dec 29 04:04 : update: added /Future - Rich $ex.mp3
Dec 29 04:04 : update: added /Freddie Gibbs & Madlib - Harold's.mp3
Dec 29 04:04 : update: added /Skizzy Mars - Drink & Dance (feat. Jon Waltz).mp3
Dec 29 04:04 : update: added /Freddie Gibbs & Madlib - Broken (feat. Scarface).mp3
Dec 29 04:04 : update: added /SBTRKT - Everybody Knows.mp3
Dec 29 04:04 : update: added /Freddie Gibbs & Madlib - Supplier.mp3
Dec 29 04:04 : update: added /SBTRKT - The Light (feat. Denai Moore).mp3
Dec 29 04:04 : update: added /SBTRKT - Lantern.mp3
Dec 29 04:04 : update: added /BONES - Corduroy.mp3
Dec 29 04:04 : update: added /Freddie Gibbs & Madlib - High (feat. Danny Brown).mp3
Dec 29 04:04 : update: added /Skizzy Mars - All Say.mp3
Dec 29 04:04 : update: added /Blackbear - I Needed You.mp3
Dec 29 04:04 : update: added /BONES - TheGreatSnowfallOf82.mp3
Dec 29 04:04 : update: added /BONES - (BONUS) CheddarBob.mp3
Dec 29 04:04 : update: added /Curren$y - Capitol.mp3
Dec 29 04:04 : update: added /Blackbear - Ain't Love.mp3
Dec 29 04:04 : update: added /Curren$y - Chandelier.mp3
Dec 29 04:04 : update: added /Tyler, The Creator - Jack And The Beanstalk.mp3
Dec 29 04:04 : update: added /Skizzy Mars - Half Past Three.mp3
Dec 29 04:04 : update: added /BONES - Wi-Fi.mp3
Dec 29 04:04 : update: added /SBTRKT - Forgotten (feat. Raury).mp3
Dec 29 04:04 : update: added /BONES - ReturnOfThePimp.mp3
Dec 29 04:04 : update: added /BONES - Lightning.mp3
Dec 29 04:04 : update: added /BONES - Butterfly.mp3
Dec 29 04:04 : update: added /Vince Staples - Blue Suede.mp3
Dec 29 04:04 : update: added /Tyler, The Creator - Pigs Fly Featuring Domo Genesis.mp3
Dec 29 04:04 : update: added /SBTRKT - Voices In My Head (feat. A$AP Ferg).mp3
Dec 29 04:04 : update: added /Vince Staples - Feelin' The Love.mp3
Dec 29 04:04 : update: added /Curren$y - Armoire.mp3
Dec 29 04:04 : update: added /Tyler, The Creator - Session Featuring Hodgy Beats And BranDun Deshay.mp3
Dec 29 04:04 : update: added /Tyler, The Creator - French! Featuring Hodgy Beats.mp3
Dec 29 04:04 : update: added /Freddie Gibbs & Madlib - Shame (feat. BJ the Chicago Kid).mp3
Dec 29 04:04 : update: added /Future - Colossal.mp3
Dec 29 04:04 : update: added /SBTRKT - If It Happens (feat. Sampha).mp3
Dec 29 04:04 : update: added /BONES - DeadBoy.mp3
Dec 29 04:04 : update: added /Currensy - 100 Spokes.mp3
Dec 29 04:04 : update: added /Skizzy Mars - Too Ill.mp3
Dec 29 04:04 : update: added /Freddie Gibbs & Madlib - Watts (feat. Big Time Watts).mp3
Dec 29 04:04 : update: added /Currensy - Do It for a G (feat. Yo Gotti).mp3
Dec 29 04:04 : update: added /BONES - LinksysBroadbandRouter.mp3
Dec 29 04:04 : update: added /Future - Real Sisters.mp3
Dec 29 04:04 : update: added /Freddie Gibbs & Madlib - Bomb (feat. Raekwon).mp3
Dec 29 04:04 : update: added /Freddie Gibbs & Madlib - Terrorist.mp3
Dec 29 04:04 : update: added /Vince Staples - Hands Up_1.mp3
Dec 29 04:04 : update: added /BONES - EveryAlbumHasAnInterludeSoThisIsMine.mp3
Dec 29 04:04 : update: added /SBTRKT - Higher (feat. Raury).mp3
Dec 29 04:04 : update: added /BONES - WhiteLinenSheets.mp3
Dec 29 04:04 : update: added /Curren$y - J.L.R..mp3
Dec 29 04:04 : update: added /Future - Kno The Meaning.mp3
Dec 29 04:04 : update: added /BONES - Sixteen.mp3
Dec 29 04:04 : update: added /Skizzy Mars - Make Sense.mp3
Dec 29 04:04 : update: added /Future - Thought It Was a Drought.mp3
Dec 29 04:04 : update: added /SBTRKT - Problem (Solved) [feat. Jessie Ware].mp3
Dec 29 04:04 : update: added /SBTRKT - Look Away (feat. Caroline Polachek).mp3
Dec 29 04:04 : update: added /BONES - PaleEarnhardt.mp3
Dec 29 04:04 : update: added /Freddie Gibbs & Madlib - The Morning After.mp3
Dec 29 04:04 : update: added /Blackbear - Waste Away (feat. Devon Baldwin).mp3
Dec 29 04:04 : update: added /Freddie Gibbs & Madlib - Robes (feat. Domo Genesis & Earl Sweatshirt).mp3
Dec 29 04:04 : update: added /Freddie Gibbs & Madlib - Thuggin'.mp3
Dec 29 04:04 : update: added /BONES - Trash (Feat. Xavier Wulf).mp3
Dec 29 04:04 : update: added /Tyler, The Creator - Parade.mp3
Dec 29 04:04 : update: added /Curren$y - No Squares.mp3
Dec 29 04:04 : update: added /Future - The Percocet & Stripper Joint.mp3
Dec 29 04:04 : update: added /Currensy - Rhymes Like Weight.mp3
Dec 29 04:04 : update: added /Tyler, The Creator - VCR_Wheels.mp3
Dec 29 04:04 : update: added /Blackbear - 4U.mp3
Dec 29 04:04 : update: added /Blackbear - My Heart Is Lost.mp3
Dec 29 04:04 : update: added /Blackbear - 90210 (feat. G-Eazy).mp3
Dec 29 04:04 : update: added /Future - Stick Talk.mp3
Dec 29 04:04 : update: added /SBTRKT - Osea (feat. Koreless).mp3
Dec 29 04:04 : update: added /Curren$y - Sunroof.mp3
Dec 29 04:04 : update: added /BONES - Calcium.mp3
Dec 29 04:04 : update: added /Currensy - Fully Loaded.mp3
Dec 29 04:04 : update: added /Vince Staples - 65 Hunnid.mp3
Dec 29 04:04 : update: added /BONES - PayPal (Feat. Eddy Baker).mp3
Dec 29 04:04 : update: added /SBTRKT - Decemberist.mp3
Dec 29 04:04 : update: added /BONES - MyFavoriteColorIsRain_1.mp3
Dec 29 04:04 : update: added /Curren$y - Chasin' Papers.mp3
Dec 29 04:04 : update: added /Tyler, The Creator - Odd Toddlers Featuring Casey Veggies.mp3
Dec 29 04:04 : update: added /Freddie Gibbs & Madlib - Knicks.mp3
Dec 29 04:04 : update: added /Skizzy Mars - Numb.mp3
Dec 29 04:04 : update: added /Blackbear - Deadroses.mp3
Dec 29 04:04 : update: added /BONES - IfYouHadAZuneIHateYou (Feat. Spooky Black).mp3
Dec 29 04:04 : update: added /Curren$y - One More Time.mp3
Dec 29 04:04 : update: added /Curren$y - Jet Life.mp3
Dec 29 04:04 : update: added /Freddie Gibbs & Madlib - Uno.mp3
Dec 29 04:04 : update: added /Future - Lil One.mp3
Dec 29 04:04 : update: added /BONES - MyFavoriteColorIsRain.mp3
Dec 29 04:04 : update: added /BONES - .Exe.mp3
Dec 29 04:04 : update: added /SBTRKT - Paper Cuts.mp3
Dec 29 04:04 : update: added /BONES - YouCanTellAlotAboutAManByTheNeckOfHisShirt.mp3
Dec 29 04:04 : update: added /BONES - ArtesianWater.mp3
Dec 29 04:04 : update: added /SBTRKT - Maybe (feat. Andrew Ashong & Sampha).mp3
Dec 29 04:04 : update: added /Curren$y - What It Look Like.mp3
Dec 29 04:04 : update: added /Freddie Gibbs & Madlib - Real.mp3
Dec 29 04:04 : update: added /BONES - Virus.mp3
Dec 29 04:04 : update: added /SBTRKT - Temporary View (feat. Sampha).mp3
Dec 29 04:04 : update: added /Future - Blow a Bag.mp3
Dec 29 04:04 : update: added /Vince Staples - Hands Up.mp3
Dec 29 04:04 : update: added /Future - Fuck Up Some Commas.mp3
Dec 29 04:04 : update: added /BONES - OrderWhatYouWantIWillTakeThePepperonisOff.mp3
Dec 29 04:04 : update: added /Skizzy Mars - Mistakes.mp3
Dec 29 04:04 : update: added /SBTRKT - Wonder Where We Land (feat. Sampha).mp3
Dec 29 04:04 : update: added /Currensy - Cars.mp3
Dec 29 04:04 : update: added /Freddie Gibbs & Madlib - Cold on the Blvd..mp3
Dec 29 04:04 : update: added /SBTRKT - New Dorp. New York (feat. Ezra Koenig).mp3
Dec 29 04:04 : update: added /Tyler, The Creator - Inglorious.mp3
Dec 29 04:04 : update: added /Curren$y - That's The Thing.mp3
Dec 29 04:04 : update: added /Vince Staples - Screen Door.mp3
Dec 29 04:04 : update: added /Vince Staples - Limos.mp3
Dec 29 04:04 : update: added /Curren$y - Audio Dope 3.mp3
Dec 29 04:04 : update: added /Future - Freak Hoe.mp3
Dec 29 04:04 : update: added /Blackbear - Ain't Trippin.mp3
Dec 29 04:04 : update: added /Future - Groupies.mp3
Dec 29 04:04 : update: added /Tyler, The Creator - Slow It Down Featuring Hodgy Beats.mp3
Dec 29 04:04 : update: added /Freddie Gibbs & Madlib - Shitsville.mp3
Dec 29 04:04 : update: added /Future - Blood On the Money.mp3
Dec 29 04:04 : update: added /Freddie Gibbs & Madlib - Deeper.mp3
Dec 29 04:04 : update: added /Vince Staples - Fire.mp3
Dec 29 04:04 : update: added /Future - Trap Niggas.mp3
Dec 29 04:04 : update: added /Future - Rotation.mp3
Dec 29 04:04 : update: added /Freddie Gibbs & Madlib - Scarface.mp3
Dec 29 04:04 : update: added /SBTRKT - Day 1.mp3
Dec 29 04:04 : update: added /Blackbear - Dirty Laundry.mp3
Dec 29 04:04 : update: added /BONES - SearchingForService (Feat. Chris Travis).mp3
Dec 29 04:04 : update: added /Future - Where Ya At (feat. Drake).mp3
Dec 29 04:04 : update: added /Future - Slave Master.mp3
Dec 29 04:04 : update: added /BONES - FreeComplimentaryGiftWithPurchase.mp3
Dec 29 04:04 : update: added /Curren$y - Privacy Glass.mp3
Dec 29 04:04 : update: added /SBTRKT - Gon Stay (feat. Sampha).mp3
Dec 29 04:04 : update: added /SBTRKT - Spaced Out (feat. Boogie).mp3
Dec 29 04:04 : update: added /Tyler, The Creator - AssMilk Featuring Earl.mp3
Dec 29 04:04 : update: added /Curren$y - Take You There.mp3
Dec 29 04:04 : update: added /Tyler, The Creator - Sarah.mp3
Dec 29 04:04 : update: added /Tyler, The Creator - Seven.mp3
Dec 29 04:04 : update: added /Tyler, The Creator - Tina Featuring Jasper And Taco.mp3
Dec 29 04:04 : update: added /Freddie Gibbs & Madlib - Lakers (feat. Ab-Soul and Polyester the Saint).mp3
Dec 29 04:04 : update: added /Freddie Gibbs & Madlib - Deep.mp3
Dec 29 04:04 : update: added /BONES - HeartagramAdios.mp3
Dec 29 04:04 : update: added /Curren$y - Showroom.mp3
Dec 29 04:04 : update: added /Curren$y - Fast Cars Faster Women.mp3
Dec 29 04:05 : client: [1] opened from 127.0.0.1:56628
Dec 29 04:05 : client: [1] closed
Dec 29 04:05 : player: played "Father - BET Uncut (feat. Richposlim).mp3"
Dec 29 04:05 : client: [2] opened from 127.0.0.1:56642
Dec 29 04:05 : client: [0] closed
Dec 29 04:06 : player: played "BONES - PaleEarnhardt.mp3"
Dec 29 04:06 : player: played "Chief Keef - Jumanji (DatPiff Exclusive).mp3"
Dec 29 04:06 : client: [0] opened from 127.0.0.1:56726
Dec 29 04:06 : client: [1] opened from 127.0.0.1:56728
Dec 29 04:06 : player: played "Chief Keef - Jumanji (DatPiff Exclusive).mp3"
Dec 29 04:06 : player: played "BONES - ArtesianWater.mp3"
Dec 29 04:06 : player: played "BONES - DeadBoy.mp3"
Dec 29 04:06 : player: played "BONES - PaleEarnhardt.mp3"
Dec 29 04:06 : player: played "BONES - Wi-Fi.mp3"
Dec 29 04:08 : player: played "BONES - Lightning.mp3"
Dec 29 04:09 : player: played "BONES - PaleEarnhardt.mp3"
Dec 29 04:12 : player: played "Freddie Gibbs & Madlib - Harold's.mp3"
Dec 29 04:15 : player: played "Freddie Gibbs & Madlib - Uno.mp3"
Dec 29 04:19 : player: played "SBTRKT - Temporary View (feat. Sampha).mp3"
Dec 29 05:28 : update: added /Tyler, The Creator - Deathcamp.mp3
Dec 29 05:28 : update: added /Tyler, The Creator - Pilot.mp3
Dec 29 05:28 : update: added /Tyler, The Creator - Run.mp3
Dec 29 05:28 : update: added /Tyler, The Creator - Buffalo.mp3
Dec 29 05:28 : update: added /Tyler, The Creator - Find Your Wings.mp3
Dec 29 05:28 : update: added /Tyler, The Creator - Cherry Bomb.mp3
Dec 29 05:28 : update: added /Tyler, The Creator - The Brownstains.mp3
Dec 29 05:28 : update: added /Tyler, The Creator - Blowmyload.mp3
Dec 29 05:28 : update: added /Tyler, The Creator - Fucking Young.mp3
Dec 29 05:28 : update: added /Tyler, The Creator - Smuckers.mp3
Dec 29 05:28 : update: added /Tyler, The Creator - Okaga, CA.mp3
Dec 29 05:28 : update: added /Tyler, The Creator - 2Seater.mp3
Dec 29 05:28 : client: [0] closed
Dec 29 05:29 : player: played "Tyler, The Creator - Cherry Bomb.mp3"
Dec 29 05:32 : player: played "Tyler, The Creator - Blowmyload.mp3"
Dec 29 05:33 : player: played "Tyler, The Creator - 2Seater.mp3"
Dec 29 05:33 : player: played "BONES - PaleEarnhardt.mp3"
Dec 29 05:35 : player: played "BONES - Wi-Fi.mp3"
Dec 29 05:35 : player: played "Curren$y - Showroom.mp3"
Dec 29 05:38 : player: played "Curren$y - Take You There.mp3"
Dec 29 05:41 : player: played "Curren$y - Chandelier.mp3"
Dec 29 05:41 : player: played "Curren$y - Fast Cars Faster Women.mp3"
Dec 29 05:44 : player: played "Future - I Serve the Base.mp3"
Dec 29 05:46 : player: played "Future - Lil One.mp3"
Dec 29 05:46 : player: played "Chief Keef - Stuntin Like My Mama (DatPiff Exclusive).mp3"
Dec 29 05:47 : player: played "BONES - Lightning.mp3"
Dec 29 05:49 : player: played "BONES - PaleEarnhardt.mp3"
Dec 29 05:49 : player: played "BONES - ArtesianWater.mp3"
Dec 29 05:52 : player: played "Blackbear - 4U.mp3"
Dec 29 05:56 : player: played "Blackbear - 90210 (feat. G-Eazy).mp3"
Dec 29 05:56 : player: played "Freddie Gibbs - 10 Times (feat. Gucci Mane and E-40).mp3"
Dec 29 06:00 : player: played "Freddie Gibbs - Lately.mp3"
Dec 29 06:03 : player: played "Father - Back in the _a_ Freestyle_on Me.mp3"
Dec 29 06:04 : player: played "Freddie Gibbs - Cold Ass Nigga.mp3"
Dec 29 06:04 : player: played "Tyler, The Creator - Cherry Bomb.mp3"
Dec 29 06:04 : player: played "Tyler, The Creator - 2Seater.mp3"
Dec 29 06:04 : player: played "Curren$y - No Squares.mp3"
Dec 29 06:04 : player: played "Curren$y - Chandelier.mp3"
Dec 29 06:04 : player: played "Future - Lil One.mp3"
Dec 29 06:04 : player: played "Future - Stick Talk.mp3"
Dec 29 06:08 : player: played "SBTRKT - Temporary View (feat. Sampha).mp3"
Dec 29 06:13 : player: played "Tyler, The Creator - Seven.mp3"
Dec 29 06:16 : player: played "Tyler, The Creator - Odd Toddlers Featuring Casey Veggies.mp3"
Dec 29 06:17 : player: played "Chief Keef - Stuntin Like My Mama (DatPiff Exclusive).mp3"
Dec 29 06:17 : player: played "Chief Keef - Law & Order (DatPiff Exclusive).mp3"
Dec 29 06:20 : player: played "Chief Keef - Gettin Wild (DatPiff Exclusive).mp3"
Dec 29 06:23 : player: played "Chief Keef - Get Your Mind Right (DatPiff Exclusive).mp3"
Dec 29 06:27 : player: played "Chief Keef - Chicago Zoo (DatPiff Exclusive).mp3"
Dec 29 06:30 : player: played "Chief Keef - Early Morning Getting It (DatPiff Exclusive).mp3"
Dec 29 06:32 : player: played "Chief Keef - Im Da Man (DatPiff Exclusive).mp3"
Dec 29 06:35 : player: played "Chief Keef - X (DatPiff Exclusive).mp3"
Dec 29 06:38 : player: played "Chief Keef - In Your Face (DatPiff Exclusive).mp3"
Dec 29 06:40 : player: played "Chief Keef - Flex (DatPiff Exclusive).mp3"
Dec 29 06:40 : player: played "Chief Keef - Gettin Wild (DatPiff Exclusive).mp3"
Dec 29 06:40 : player: played "Future - Lil One.mp3"
Dec 29 06:43 : player: played "Future - Where Ya At (feat. Drake).mp3"
